---- Execute stopdoliwamp.bat 
NET STOP doliwampapache 
NET STOP doliwampmysqld 
---- End script 
---- Execute uninstall_services.bat 
---- End script 
---- Execute install_services.bat 
---- End script 
---- Execute startdoliwamp.bat 
NET START doliwampapache 
Le service doliwampapache d‚marre.
Le service doliwampapache a d‚marr‚.

NET START doliwampmysqld 
Le service doliwampmysqld d‚marre.
Le service doliwampmysqld a d‚marr‚.

---- End script 
---- Execute mysqlinitpassword.bat to init mysql password 
For a first installation, if an error is shown here, rerun the script manually. 
For an update, you will get an "Access denied" error, ignore this error. 
---- End script 
